<?xml version="1.0" encoding="UTF-8"?>
<!-- Generated by org.testng.reporters.JUnitReportReporter -->
<testsuite skipped="0" hostname="LAPTOP-BS7KHRRT" name="sanity.MetricConversionsWeb" tests="9" failures="0" timestamp="2022-06-11T12:25:59 IDT" time="131.355" errors="0">
  <testcase name="test03_selectLanguage" time="54.395" classname="sanity.MetricConversionsWeb"/>
  <testcase name="test04_convertTemperature" time="12.756" classname="sanity.MetricConversionsWeb"/>
  <testcase name="test02_verifyCrossroadButton" time="5.988" classname="sanity.MetricConversionsWeb"/>
  <testcase name="test06_calculateBMI" time="12.285" classname="sanity.MetricConversionsWeb"/>
  <testcase name="test06_calculateBMI" time="10.822" classname="sanity.MetricConversionsWeb"/>
  <testcase name="test05_convertLength" time="12.063" classname="sanity.MetricConversionsWeb"/>
  <testcase name="test06_calculateBMI" time="11.532" classname="sanity.MetricConversionsWeb"/>
  <testcase name="test06_calculateBMI" time="7.939" classname="sanity.MetricConversionsWeb"/>
  <testcase name="test01_verifyLogo" time="3.575" classname="sanity.MetricConversionsWeb"/>
</testsuite> <!-- sanity.MetricConversionsWeb -->
