<?xml version="1.0" encoding="UTF-8"?>
<!-- Generated by org.testng.reporters.JUnitReportReporter -->
<testsuite skipped="0" hostname="LAPTOP-BS7KHRRT" name="sanity.TodolistElectron" tests="2" failures="0" timestamp="2022-06-11T12:23:00 IDT" time="15.067" errors="0">
  <testcase name="test01_addTaskAndVerify" time="7.637" classname="sanity.TodolistElectron"/>
  <testcase name="test02_validateClipboardContainsTasks" time="7.430" classname="sanity.TodolistElectron"/>
</testsuite> <!-- sanity.TodolistElectron -->
