<?xml version="1.0" encoding="UTF-8"?>
<!-- Generated by org.testng.reporters.JUnitReportReporter -->
<testsuite skipped="0" hostname="LAPTOP-BS7KHRRT" name="sanity.ChuckNorrisAPI" tests="2" failures="0" timestamp="2022-06-11T12:22:18 IDT" time="5.480" errors="0">
  <testcase name="test01_getRandomJoke" time="4.929" classname="sanity.ChuckNorrisAPI"/>
  <testcase name="test02_getRandomFoodJoke" time="0.551" classname="sanity.ChuckNorrisAPI"/>
</testsuite> <!-- sanity.ChuckNorrisAPI -->
